<?xml version="1.0" encoding="UTF-8"?>
<testng-results ignored="0" total="1" passed="1" failed="0" skipped="0">
  <reporter-output>
  </reporter-output>
  <suite started-at="2022-11-10T20:12:50 IST" name="Default suite" finished-at="2022-11-10T20:13:01 IST" duration-ms="11542">
    <groups>
    </groups>
    <test started-at="2022-11-10T20:12:50 IST" name="Default test" finished-at="2022-11-10T20:13:01 IST" duration-ms="11542">
      <class name="rest.testng">
        <test-method signature="getmethod()[pri:0, instance:rest.testng@7e0b85f9]" started-at="2022-11-10T20:12:50 IST" name="getmethod" finished-at="2022-11-10T20:13:01 IST" duration-ms="11501" status="PASS">
          <reporter-output>
          </reporter-output>
        </test-method> <!-- getmethod -->
      </class> <!-- rest.testng -->
    </test> <!-- Default test -->
  </suite> <!-- Default suite -->
</testng-results>
